d:\university\212cr\courseworkmodern\courseworkmodern\x64\debug\vc142.pdb
d:\university\212cr\courseworkmodern\courseworkmodern\x64\debug\vc142.idb
d:\university\212cr\courseworkmodern\courseworkmodern\x64\debug\glad.obj
d:\university\212cr\courseworkmodern\courseworkmodern\x64\debug\stb_image.obj
d:\university\212cr\courseworkmodern\courseworkmodern\x64\debug\spherecollider.obj
d:\university\212cr\courseworkmodern\courseworkmodern\x64\debug\sphere.obj
d:\university\212cr\courseworkmodern\courseworkmodern\x64\debug\source.obj
d:\university\212cr\courseworkmodern\courseworkmodern\x64\debug\shader.obj
d:\university\212cr\courseworkmodern\courseworkmodern\x64\debug\player.obj
d:\university\212cr\courseworkmodern\courseworkmodern\x64\debug\plane.obj
d:\university\212cr\courseworkmodern\courseworkmodern\x64\debug\obstacle.obj
d:\university\212cr\courseworkmodern\courseworkmodern\x64\debug\model.obj
d:\university\212cr\courseworkmodern\courseworkmodern\x64\debug\mesh.obj
d:\university\212cr\courseworkmodern\courseworkmodern\x64\debug\light.obj
d:\university\212cr\courseworkmodern\courseworkmodern\x64\debug\gameobject.obj
d:\university\212cr\courseworkmodern\courseworkmodern\x64\debug\gameengine.obj
d:\university\212cr\courseworkmodern\courseworkmodern\x64\debug\cube.obj
d:\university\212cr\courseworkmodern\courseworkmodern\x64\debug\camera.obj
c:\users\chris\desktop\test\8522104\courseworkmodern\courseworkmodern\x64\debug\vc142.pdb
c:\users\chris\desktop\test\8522104\courseworkmodern\courseworkmodern\x64\debug\vc142.idb
c:\users\chris\desktop\test\8522104\courseworkmodern\courseworkmodern\x64\debug\glad.obj
c:\users\chris\desktop\test\8522104\courseworkmodern\courseworkmodern\x64\debug\stb_image.obj
c:\users\chris\desktop\test\8522104\courseworkmodern\courseworkmodern\x64\debug\spherecollider.obj
c:\users\chris\desktop\test\8522104\courseworkmodern\courseworkmodern\x64\debug\sphere.obj
c:\users\chris\desktop\test\8522104\courseworkmodern\courseworkmodern\x64\debug\source.obj
c:\users\chris\desktop\test\8522104\courseworkmodern\courseworkmodern\x64\debug\shader.obj
c:\users\chris\desktop\test\8522104\courseworkmodern\courseworkmodern\x64\debug\player.obj
c:\users\chris\desktop\test\8522104\courseworkmodern\courseworkmodern\x64\debug\plane.obj
c:\users\chris\desktop\test\8522104\courseworkmodern\courseworkmodern\x64\debug\obstacle.obj
c:\users\chris\desktop\test\8522104\courseworkmodern\courseworkmodern\x64\debug\model.obj
c:\users\chris\desktop\test\8522104\courseworkmodern\courseworkmodern\x64\debug\mesh.obj
c:\users\chris\desktop\test\8522104\courseworkmodern\courseworkmodern\x64\debug\light.obj
c:\users\chris\desktop\test\8522104\courseworkmodern\courseworkmodern\x64\debug\gameobject.obj
c:\users\chris\desktop\test\8522104\courseworkmodern\courseworkmodern\x64\debug\gameengine.obj
c:\users\chris\desktop\test\8522104\courseworkmodern\courseworkmodern\x64\debug\cube.obj
c:\users\chris\desktop\test\8522104\courseworkmodern\courseworkmodern\x64\debug\camera.obj
c:\users\chris\desktop\test\8522104\courseworkmodern\courseworkmodern\x64\debug\skybox.obj
c:\users\chris\desktop\test\8522104\courseworkmodern\courseworkmodern\x64\debug\track.obj
c:\users\chris\desktop\test\8522104\courseworkmodern\courseworkmodern\x64\debug\accessory.obj
d:\university\212cr\courseworkmodern\x64\debug\courseworkmodern.exe
d:\university\212cr\courseworkmodern\x64\debug\courseworkmodern.ilk
d:\university\212cr\courseworkmodern\x64\debug\courseworkmodern.pdb
c:\users\chris\desktop\test\8522104\courseworkmodern\x64\debug\courseworkmodern.exe
c:\users\chris\desktop\test\8522104\courseworkmodern\x64\debug\courseworkmodern.ilk
c:\users\chris\desktop\test\8522104\courseworkmodern\x64\debug\courseworkmodern.pdb
c:\users\chris\desktop\test\8522104\courseworkmodern\courseworkmodern\x64\debug\courseworkmodern.tlog\cl.command.1.tlog
c:\users\chris\desktop\test\8522104\courseworkmodern\courseworkmodern\x64\debug\courseworkmodern.tlog\cl.read.1.tlog
c:\users\chris\desktop\test\8522104\courseworkmodern\courseworkmodern\x64\debug\courseworkmodern.tlog\cl.write.1.tlog
c:\users\chris\desktop\test\8522104\courseworkmodern\courseworkmodern\x64\debug\courseworkmodern.tlog\link.command.1.tlog
c:\users\chris\desktop\test\8522104\courseworkmodern\courseworkmodern\x64\debug\courseworkmodern.tlog\link.read.1.tlog
c:\users\chris\desktop\test\8522104\courseworkmodern\courseworkmodern\x64\debug\courseworkmodern.tlog\link.write.1.tlog
